Performing C SOURCE FILE Test CMAKE_HAVE_LIBC_PTHREAD failed with the following output:
Change Dir: /home/skywoodsz/capital_ws/src/visul_tracker/cpp_src/cmake-build-debug/CMakeFiles/CMakeTmp

Run Build Command(s):/usr/bin/make -f Makefile cmTC_3355f/fast && /usr/bin/make  -f CMakeFiles/cmTC_3355f.dir/build.make CMakeFiles/cmTC_3355f.dir/build
make[1]: Entering directory '/home/skywoodsz/capital_ws/src/visul_tracker/cpp_src/cmake-build-debug/CMakeFiles/CMakeTmp'
Building C object CMakeFiles/cmTC_3355f.dir/src.c.o
/usr/bin/cc -DCMAKE_HAVE_LIBC_PTHREAD   -o CMakeFiles/cmTC_3355f.dir/src.c.o -c /home/skywoodsz/capital_ws/src/visul_tracker/cpp_src/cmake-build-debug/CMakeFiles/CMakeTmp/src.c
Linking C executable cmTC_3355f
/home/skywoodsz/tools/clion-2021.2/bin/cmake/linux/bin/cmake -E cmake_link_script CMakeFiles/cmTC_3355f.dir/link.txt --verbose=1
/usr/bin/cc CMakeFiles/cmTC_3355f.dir/src.c.o -o cmTC_3355f 
CMakeFiles/cmTC_3355f.dir/src.c.o：在函数‘main’中：
src.c:(.text+0x3c)：对‘pthread_create’未定义的引用
src.c:(.text+0x48)：对‘pthread_detach’未定义的引用
src.c:(.text+0x54)：对‘pthread_cancel’未定义的引用
src.c:(.text+0x65)：对‘pthread_join’未定义的引用
src.c:(.text+0x79)：对‘pthread_atfork’未定义的引用
collect2: error: ld returned 1 exit status
CMakeFiles/cmTC_3355f.dir/build.make:98: recipe for target 'cmTC_3355f' failed
make[1]: *** [cmTC_3355f] Error 1
make[1]: Leaving directory '/home/skywoodsz/capital_ws/src/visul_tracker/cpp_src/cmake-build-debug/CMakeFiles/CMakeTmp'
Makefile:127: recipe for target 'cmTC_3355f/fast' failed
make: *** [cmTC_3355f/fast] Error 2


Source file was:
#include <pthread.h>

static void* test_func(void* data)
{
  return data;
}

int main(void)
{
  pthread_t thread;
  pthread_create(&thread, NULL, test_func, NULL);
  pthread_detach(thread);
  pthread_cancel(thread);
  pthread_join(thread, NULL);
  pthread_atfork(NULL, NULL, NULL);
  pthread_exit(NULL);

  return 0;
}

Determining if the function pthread_create exists in the pthreads failed with the following output:
Change Dir: /home/skywoodsz/capital_ws/src/visul_tracker/cpp_src/cmake-build-debug/CMakeFiles/CMakeTmp

Run Build Command(s):/usr/bin/make -f Makefile cmTC_1f823/fast && /usr/bin/make  -f CMakeFiles/cmTC_1f823.dir/build.make CMakeFiles/cmTC_1f823.dir/build
make[1]: Entering directory '/home/skywoodsz/capital_ws/src/visul_tracker/cpp_src/cmake-build-debug/CMakeFiles/CMakeTmp'
Building C object CMakeFiles/cmTC_1f823.dir/CheckFunctionExists.c.o
/usr/bin/cc   -DCHECK_FUNCTION_EXISTS=pthread_create -o CMakeFiles/cmTC_1f823.dir/CheckFunctionExists.c.o -c /home/skywoodsz/tools/clion-2021.2/bin/cmake/linux/share/cmake-3.20/Modules/CheckFunctionExists.c
Linking C executable cmTC_1f823
/home/skywoodsz/tools/clion-2021.2/bin/cmake/linux/bin/cmake -E cmake_link_script CMakeFiles/cmTC_1f823.dir/link.txt --verbose=1
/usr/bin/cc  -DCHECK_FUNCTION_EXISTS=pthread_create CMakeFiles/cmTC_1f823.dir/CheckFunctionExists.c.o -o cmTC_1f823  -lpthreads 
/usr/bin/ld: 找不到 -lpthreads
collect2: error: ld returned 1 exit status
CMakeFiles/cmTC_1f823.dir/build.make:98: recipe for target 'cmTC_1f823' failed
make[1]: *** [cmTC_1f823] Error 1
make[1]: Leaving directory '/home/skywoodsz/capital_ws/src/visul_tracker/cpp_src/cmake-build-debug/CMakeFiles/CMakeTmp'
Makefile:127: recipe for target 'cmTC_1f823/fast' failed
make: *** [cmTC_1f823/fast] Error 2



